2025-02-22 16:46:00 INFO  Main:35 - saved data reading
2025-02-22 16:46:00 INFO  Main:40 - application start
2025-02-22 16:46:00 INFO  Controller:74 - Main controller initializing
2025-02-22 16:46:09 INFO  NewEditController:89 - new/edit window initializing
2025-02-22 16:46:36 INFO  NewEditController:89 - new/edit window initializing
2025-02-22 16:47:33 INFO  NewEditController:89 - new/edit window initializing
2025-03-04 18:43:13 INFO  Main:35 - saved data reading
2025-03-04 18:43:13 INFO  Main:40 - application start
2025-03-04 18:43:13 INFO  Controller:74 - Main controller initializing
2025-03-04 18:43:24 INFO  NewEditController:89 - new/edit window initializing
2025-03-04 18:43:25 INFO  NewEditController:89 - new/edit window initializing
2025-03-04 18:44:01 INFO  Main:35 - saved data reading
2025-03-04 18:44:01 INFO  Main:40 - application start
2025-03-04 18:44:01 INFO  Controller:74 - Main controller initializing
2025-03-04 18:44:27 INFO  NewEditController:89 - new/edit window initializing
2025-03-04 18:53:28 INFO  Main:35 - saved data reading
2025-03-04 18:53:28 INFO  Main:40 - application start
2025-03-04 18:53:28 INFO  Controller:74 - Main controller initializing
2025-03-04 18:53:33 INFO  NewEditController:89 - new/edit window initializing
2025-03-04 18:53:47 INFO  NewEditController:89 - new/edit window initializing
2025-03-04 18:53:51 INFO  NewEditController:89 - new/edit window initializing
2025-03-04 18:55:05 INFO  Main:35 - saved data reading
2025-03-04 18:55:05 INFO  Main:40 - application start
2025-03-04 18:55:05 INFO  Controller:74 - Main controller initializing
2025-03-04 18:55:32 INFO  NewEditController:89 - new/edit window initializing
2025-03-04 18:57:07 INFO  NewEditController:89 - new/edit window initializing
2025-03-04 18:57:52 INFO  Main:35 - saved data reading
2025-03-04 18:57:52 INFO  Main:40 - application start
2025-03-04 18:57:52 INFO  Controller:74 - Main controller initializing
2025-03-04 19:16:16 INFO  Main:35 - saved data reading
2025-03-04 19:16:16 INFO  Main:40 - application start
2025-03-04 19:16:16 INFO  Controller:74 - Main controller initializing
2025-05-06 17:31:25 INFO  Main:37 - saved data reading
2025-05-06 17:31:25 INFO  Main:42 - application start
2025-05-06 17:31:25 ERROR Main:59 - error reading main.fxml
2025-05-06 17:31:45 INFO  Main:37 - saved data reading
2025-05-06 17:31:45 INFO  Main:42 - application start
2025-05-06 17:31:45 ERROR Main:59 - error reading main.fxml
2025-05-06 17:31:58 INFO  Main:37 - saved data reading
2025-05-06 17:31:58 INFO  Main:42 - application start
2025-05-06 17:31:58 ERROR Main:59 - error reading main.fxml
2025-05-06 17:32:17 INFO  Main:37 - saved data reading
2025-05-06 17:32:17 INFO  Main:42 - application start
2025-05-06 17:32:17 ERROR Main:59 - error reading main.fxml
2025-05-06 19:14:20 INFO  Main:37 - saved data reading
2025-05-06 19:14:20 INFO  Main:42 - application start
2025-05-06 19:14:20 ERROR Main:59 - error reading main.fxml
2025-05-06 19:15:06 INFO  Main:37 - saved data reading
2025-05-06 19:15:06 INFO  Main:42 - application start
2025-05-06 19:15:06 INFO  TaskManagerController:74 - Main controller initializing
2025-05-06 19:15:30 INFO  TaskEditController:92 - new/edit window initializing
